╔═════════════════════════════════════════╗
║   TOTAL HUMAN DEATH COUNT IN THIS SIM   ║
║                   27                    ║
╚═════════════════════════════════════════╝

Date:: Name S. Sex Age : Hunger and Sleep needs - isEating/Sleeping - x, y - Status
═════════════════════════════════════════════════════════════════════════════
20-07-07 18:19:07:: Kaiser L. ♂ - -27 66 - F/T - 11, 09 - Sleeping.
20-07-07 18:22:38:: Milan C. ♂ - -27 82 - F/F - 28, 07 - Looking for food.
20-07-07 18:52:27:: Josephine T. ♀ - -29 100 - F/T - 25, 07 - Sleeping.
20-07-07 18:54:27:: Seamus V. ♂ - -27 86 - F/F - 05, 14 - Looking for food.
20-07-07 18:55:59:: Valentin G. ♂ - -26 50 - F/T - 24, 03 - Sleeping.
20-07-07 18:56:12:: Rowen A. ♂ - -28 79 - F/F - 12, 07 - Looking for food.
20-07-07 18:57:29:: Ellen F. ♀ - -29 80 - F/F - 02, 05 - Looking for food.
20-07-07 19:02:56:: Daleyza Q. ♀ - -27 42 - F/F - 08, 15 - Looking for food.
20-07-07 19:43:25:: Madison Q. ♀ - -26 97 - F/F - 33, 05 - Looking for food.
20-07-07 19:43:28:: Paul Z. ♂ - -30 82 - F/F - 05, 07 - Looking for food.
20-07-07 19:43:34:: Elena S. ♀ - -26 91 - F/F - 26, 07 - Looking for food.
20-07-07 19:43:41:: Clyde O. ♂ - -28 83 - F/F - 20, 14 - Looking for food.
20-07-07 19:44:43:: Fisher K. ♂ - -29 88 - F/F - 19, 04 - Looking for food.
20-07-07 19:45:25:: Lilyana L. ♀ - -26 92 - F/F - 20, 14 - Looking for food.
20-07-07 19:46:18:: Alden Z. ♂ - -26 95 - F/F - 19, 04 - Looking for food.
20-07-07 19:46:30:: Cruz B. ♂ - -27 95 - F/F - 19, 04 - Looking for food.
20-07-07 19:46:34:: Korbin C. ♂ - -27 92 - F/F - 19, 05 - Looking for food.
20-07-07 19:48:49:: Ashley V. ♀ - -28 90 - F/T - 26, 12 - Sleeping.
20-07-07 19:51:14:: Kairi S. ♀ 27 - -26 89 - F/F - 31, 16 - Looking for food.
20-07-07 19:51:23:: Camille Q. ♀ 25 - -28 89 - F/F - 10, 11 - Looking for food.
20-07-07 19:51:24:: Greta E. ♀ 32 - -27 79 - F/F - 19, 18 - Looking for food.
20-07-07 19:51:31:: Belen F. ♀ 40 - -29 85 - F/F - 24, 03 - Looking for food.
20-07-07 19:51:33:: Kellen Y. ♂ 29 - -26 96 - F/F - 18, 18 - Looking for food.
20-07-07 19:51:41:: Terrance H. ♂ 24 - -26 80 - F/F - 31, 16 - Looking for food.
20-07-07 19:52:14:: Jerry I. ♂ 20 - -28 94 - F/F - 18, 18 - Looking for food.
20-07-07 19:52:29:: Kaison S. ♂ 40 - -26 83 - F/F - 11, 08 - Looking for food.
20-07-07 19:53:21:: Ryder S. ♂ 22 : -27 92 - F/F - 16, 07 - Looking for food.
